Arguments: 
  C:\Program Files (x86)\nodejs\node.exe C:\Program Files (x86)\Yarn\bin\yarn.js install

PATH: 
  C:\ProgramData\Oracle\Java\javapath;C:\Program Files\Docker\Docker\Resources\bin;%AppData%\npm;C:\WINDOWS\system32;C:\WINDOWS;C:\WINDOWS\System32\Wbem;C:\WINDOWS\System32\WindowsPowerShell\v1.0\;C:\Program Files (x86)\nodejs\;C:\Program Files\Git\cmd;C:\Program Files (x86)\Windows Kits\8.1\Windows Performance Toolkit\;C:\Program Files (x86)\Yarn\bin;C:\xampp\php;C:\composer;C:\Program Files (x86)\PuTTY\;C:\Program Files\TortoiseGit\bin;C:\Users\yasir\AppData\Local\Microsoft\WindowsApps;C:\Users\yasir\AppData\Local\Yarn\bin;C:\Users\yasir\AppData\Local\Programs\Fiddler;C:\Program Files\Microsoft VS Code\bin;C:\Users\yasir\AppData\Roaming\Composer\vendor\bin;C:\Program Files\Java\jdk1.8.0_161;C:\Program Files (x86)\Android\android-sdk;

Yarn version: 
  1.3.2

Node version: 
  8.9.4

Platform: 
  win32 ia32

npm manifest: 
  {
    "name": "zyto",
    "version": "1.0.0",
    "description": "Angular and Bootstrap 4",
    "scripts": {
      "ng": "ng",
      "rimraf": "rimraf",
      "changelog": "standard-changelog",
      "start": "ng serve",
      "start-proxy": "ng serve --proxy-config proxy.conf.js",
      "start:hmr": "ng serve --hmr",
      "start:aot": "ng serve --aot",
      "start:prod": "ng serve --prod",
      "start:prod:aot": "ng serve --prod --aot",
      "build": "npm run clean:dist && ng build",
      "build:prod": "npm run build -- --env=prod --prod --aot",
      "build:prod:aot": "npm run build:prod -- --aot",
      "build:ci": "npm run build:prod && npm run build:prod:aot",
      "build:demo": "npm run build:prod:aot -- --base-href \"http://akveo.com/ng2-admin/\"",
      "test": "ng test -sr",
      "test:coverage": "npm run clean:coverage && ng test -sr -cc",
      "lint": "ng lint",
      "lint:styles": "stylelint ./src/app/**/*.scss",
      "lint:ci": "npm run lint && npm run lint:styles",
      "pree2e": "webdriver-manager update --standalone false --gecko false",
      "e2e": "ng e2e",
      "clean:dist": "npm run rimraf -- dist",
      "clean:coverage": "npm run rimraf -- coverage",
      "docs:deploy": "wintersmith build -C docs && gh-pages -d docs/build",
      "docs:serve": "wintersmith preview -C docs",
      "build:zyto-dev": "npm run build -- --env=zyto-dev --prod --aot",
      "build:staging": "npm run build -- --env=staging --prod --aot",
      "build:prod-stage": "npm run build -- --env=prod-stage --prod --aot"
    },
    "private": true,
    "dependencies": {
      "@angular/animations": "4.1.3",
      "@angular/common": "4.1.3",
      "@angular/compiler": "4.1.3",
      "@angular/core": "4.1.3",
      "@angular/forms": "4.1.3",
      "@angular/http": "4.1.3",
      "@angular/platform-browser": "4.1.3",
      "@angular/platform-browser-dynamic": "4.1.3",
      "@angular/platform-server": "4.1.3",
      "@angular/router": "4.1.3",
      "@ng-bootstrap/ng-bootstrap": "1.0.0-alpha.26",
      "@ngx-translate/core": "6.0.1",
      "@ngx-translate/http-loader": "0.0.3",
      "@toverux/ngx-sweetalert2": "^3.4.0",
      "amcharts3": "github:amcharts/amcharts3",
      "ammap3": "github:amcharts/ammap3",
      "angular-sortablejs": "^2.5.1",
      "angular2-datatable": "0.6.0",
      "angular2-image-upload": "^1.0.0-rc.0",
      "angular2-jwt": "^0.2.3",
      "angular2-uuid": "^1.1.1",
      "animate.css": "3.5.2",
      "auth0-js": "^8.8.0",
      "bootstrap": "4.0.0-alpha.6",
      "bootstrap-select": "^1.12.4",
      "bootstrap-slider": "^9.8.1",
      "chart.js": "1.1.1",
      "chartist": "0.10.1",
      "chroma-js": "1.3.3",
      "ckeditor": "4.6.2",
      "core-js": "2.4.1",
      "easy-pie-chart": "2.1.7",
      "font-awesome": "4.7.0",
      "fullcalendar": "3.3.1",
      "google-maps": "3.2.1",
      "ionicons": "2.0.1",
      "jquery-slimscroll": "1.3.8",
      "leaflet": "0.7.7",
      "leaflet-map": "0.2.1",
      "lodash": "4.17.4",
      "ng2-charts": "^1.6.0",
      "ng2-ckeditor": "1.1.6",
      "ng2-completer": "1.3.1",
      "ng2-handsontable": "0.48.0",
      "ng2-slim-loading-bar": "4.0.0",
      "ng2-smart-table": "1.0.3",
      "ng2-tree": "2.0.0-alpha.5",
      "ngx-infinite-scroll": "^0.8.3",
      "ngx-toastr": "6.4.1-beta.0",
      "ngx-uploader": "^2.2.5",
      "node-sass": "^4.7.2",
      "normalize.css": "6.0.0",
      "pdfmake": "^0.1.35",
      "roboto-fontface": "0.7.0",
      "rxjs": "5.4.0",
      "sweetalert2": "^7.18.0",
      "video.js": "^6.2.4",
      "vuedraggable": "^2.16.0",
      "yarn": "^1.3.2",
      "zone.js": "0.8.11"
    },
    "devDependencies": {
      "@angular/cli": "1.7.0",
      "@angular/compiler-cli": "4.1.3",
      "@types/auth0-js": "^8.6.2",
      "@types/bootstrap-slider": "^9.8.0",
      "@types/fullcalendar": "2.7.40",
      "@types/google.analytics": "0.0.34",
      "@types/jasmine": "2.5.38",
      "@types/jquery": "2.0.41",
      "@types/jquery.slimscroll": "1.3.30",
      "@types/lodash": "4.14.61",
      "@types/node": "6.0.69",
      "codelyzer": "3.0.1",
      "gh-pages": "0.12.0",
      "gulp-sass": "^3.1.0",
      "jasmine-core": "2.5.2",
      "jasmine-spec-reporter": "3.2.0",
      "jquery": "^3.3.1",
      "karma": "1.4.1",
      "karma-chrome-launcher": "2.0.0",
      "karma-cli": "1.0.1",
      "karma-coverage-istanbul-reporter": "0.2.0",
      "karma-jasmine": "1.1.0",
      "karma-jasmine-html-reporter": "0.2.2",
      "moment": "^2.20.1",
      "ng2-daterangepicker": "^2.0.12",
      "npm-run-all": "4.0.2",
      "primeng": "^4.2.4",
      "protractor": "5.1.0",
      "rimraf": "2.6.1",
      "standard-changelog": "1.0.1",
      "stylelint": "7.10.1",
      "ts-node": "2.1.2",
      "tslint": "5.2.0",
      "tslint-eslint-rules": "4.0.0",
      "tslint-language-service": "0.9.6",
      "typescript": "2.3.2",
      "typogr": "0.6.6",
      "underscore": "1.8.3",
      "wintersmith": "2.2.5",
      "wintersmith-sassy": "1.1.0"
    }
  }

yarn manifest: 
  No manifest

Lockfile: 
  No lockfile

Trace: 
  Error: EPERM: operation not permitted, unlink 'D:\zyto-angular\node_modules\ng2-charts\node_modules\moment\locale'
